Using pre-set license
Built from '2022.3/release' branch; Version is '2022.3.48f1 (8bf49c377ebf) revision 9172124'; Using compiler version '192829333'; Build Type 'Release'
OS: 'Windows 11  (10.0.22631) 64bit Core' Language: 'en' Physical Memory: 16074 MB
BatchMode: 1, IsHumanControllingUs: 0, StartBugReporterOnCrash: 0, Is64bit: 1, IsPro: 1

COMMAND LINE ARGUMENTS:
C:\Program Files\Unity\Hub\Editor\2022.3.48f1\Editor\Unity.exe
-adb2
-batchMode
-noUpm
-name
AssetImportWorker11
-projectPath
C:/Users/afrro/OneDrive/Documents/GitHub/RPG-game/RPG game 2D
-logFile
Logs/AssetImportWorker11.log
-srvPort
58289
Successfully changed project path to: C:/Users/afrro/OneDrive/Documents/GitHub/RPG-game/RPG game 2D
C:/Users/afrro/OneDrive/Documents/GitHub/RPG-game/RPG game 2D
[UnityMemory] Configuration Parameters - Can be set up in boot.config
    "memorysetup-bucket-allocator-granularity=16"
    "memorysetup-bucket-allocator-bucket-count=8"
    "memorysetup-bucket-allocator-block-size=33554432"
    "memorysetup-bucket-allocator-block-count=8"
    "memorysetup-main-allocator-block-size=16777216"
    "memorysetup-thread-allocator-block-size=16777216"
    "memorysetup-gfx-main-allocator-block-size=16777216"
    "memorysetup-gfx-thread-allocator-block-size=16777216"
    "memorysetup-cache-allocator-block-size=4194304"
    "memorysetup-typetree-allocator-block-size=2097152"
    "memorysetup-profiler-bucket-allocator-granularity=16"
    "memorysetup-profiler-bucket-allocator-bucket-count=8"
    "memorysetup-profiler-bucket-allocator-block-size=33554432"
    "memorysetup-profiler-bucket-allocator-block-count=8"
    "memorysetup-profiler-allocator-block-size=16777216"
    "memorysetup-profiler-editor-allocator-block-size=1048576"
    "memorysetup-temp-allocator-size-main=16777216"
    "memorysetup-job-temp-allocator-block-size=2097152"
    "memorysetup-job-temp-allocator-block-size-background=1048576"
    "memorysetup-job-temp-allocator-reduction-small-platforms=262144"
    "memorysetup-allocator-temp-initial-block-size-main=262144"
    "memorysetup-allocator-temp-initial-block-size-worker=262144"
    "memorysetup-temp-allocator-size-background-worker=32768"
    "memorysetup-temp-allocator-size-job-worker=262144"
    "memorysetup-temp-allocator-size-preload-manager=33554432"
    "memorysetup-temp-allocator-size-nav-mesh-worker=65536"
    "memorysetup-temp-allocator-size-audio-worker=65536"
    "memorysetup-temp-allocator-size-cloud-worker=32768"
    "memorysetup-temp-allocator-size-gi-baking-worker=262144"
    "memorysetup-temp-allocator-size-gfx=262144"
Player connection [46440]  Target information:

Player connection [46440]  * "[IP] 10.4.18.18 [Port] 0 [Flags] 2 [Guid] 4012631321 [EditorId] 4012631321 [Version] 1048832 [Id] WindowsEditor(7,Anna) [Debug] 1 [PackageName] WindowsEditor [ProjectName] Editor" 

Player connection [46440] Host joined multi-casting on [225.0.0.222:54997]...
Player connection [46440] Host joined alternative multi-casting on [225.0.0.222:34997]...
[PhysX] Initialized MultithreadedTaskDispatcher with 20 workers.
Refreshing native plugins compatible for Editor in 23.47 ms, found 4 plugins.
Preloading 0 native plugins for Editor in 0.00 ms.
Initialize engine version: 2022.3.48f1 (8bf49c377ebf)
[Subsystems] Discovering subsystems at path C:/Program Files/Unity/Hub/Editor/2022.3.48f1/Editor/Data/Resources/UnitySubsystems
[Subsystems] Discovering subsystems at path C:/Users/afrro/OneDrive/Documents/GitHub/RPG-game/RPG game 2D/Assets
GfxDevice: creating device client; threaded=0; jobified=0
Direct3D:
    Version:  Direct3D 11.0 [level 11.1]
    Renderer: Intel(R) Iris(R) Xe Graphics (ID=0x46a6)
    Vendor:   Intel
    VRAM:     8037 MB
    Driver:   30.0.101.1369
Initialize mono
Mono path[0] = 'C:/Program Files/Unity/Hub/Editor/2022.3.48f1/Editor/Data/Managed'
Mono path[1] = 'C:/Program Files/Unity/Hub/Editor/2022.3.48f1/Editor/Data/MonoBleedingEdge/lib/mono/unityjit-win32'
Mono config path = 'C:/Program Files/Unity/Hub/Editor/2022.3.48f1/Editor/Data/MonoBleedingEdge/etc'
Using monoOptions --debugger-agent=transport=dt_socket,embedding=1,server=y,suspend=n,address=127.0.0.1:56436
Begin MonoManager ReloadAssembly
Registering precompiled unity dll's ...
Register platform support module: C:/Program Files/Unity/Hub/Editor/2022.3.48f1/Editor/Data/PlaybackEngines/WindowsStandaloneSupport/UnityEditor.WindowsStandalone.Extensions.dll
Registered in 0.009632 seconds.
- Loaded All Assemblies, in  0.443 seconds
Native extension for WindowsStandalone target not found
Mono: successfully reloaded assembly
- Finished resetting the current domain, in  0.277 seconds
Domain Reload Profiling: 718ms
	BeginReloadAssembly (160ms)
		ExecutionOrderSort (0ms)
		DisableScriptedObjects (0ms)
		BackupInstance (0ms)
		ReleaseScriptingObjects (0ms)
		CreateAndSetChildDomain (1ms)
	RebuildCommonClasses (45ms)
	RebuildNativeTypeToScriptingClass (10ms)
	initialDomainReloadingComplete (72ms)
	LoadAllAssembliesAndSetupDomain (154ms)
		LoadAssemblies (156ms)
		RebuildTransferFunctionScriptingTraits (0ms)
		AnalyzeDomain (152ms)
			TypeCache.Refresh (150ms)
				TypeCache.ScanAssembly (136ms)
			ScanForSourceGeneratedMonoScriptInfo (1ms)
			ResolveRequiredComponents (1ms)
	FinalizeReload (278ms)
		ReleaseScriptCaches (0ms)
		RebuildScriptCaches (0ms)
		SetupLoadedEditorAssemblies (230ms)
			LogAssemblyErrors (0ms)
			InitializePlatformSupportModulesInManaged (10ms)
			SetLoadedEditorAssemblies (8ms)
			RefreshPlugins (0ms)
			BeforeProcessingInitializeOnLoad (3ms)
			ProcessInitializeOnLoadAttributes (156ms)
			ProcessInitializeOnLoadMethodAttributes (52ms)
			AfterProcessingInitializeOnLoad (0ms)
			EditorAssembliesLoaded (0ms)
		ExecutionOrderSort2 (0ms)
		AwakeInstancesAfterBackupRestoration (0ms)
========================================================================
Worker process is ready to serve import requests
Caller must complete domain reload
Begin MonoManager ReloadAssembly
- Loaded All Assemblies, in  0.731 seconds
Native extension for WindowsStandalone target not found
Package Manager log level set to [2]
[Package Manager] Server::EnsureServerProcessIsRunning -- launch failed, reason: Unity was launched with the -noUpm command-line argument
[Package Manager] UpmClient::Send -- Unable to send message (not connected to UPM process).
[Package Manager] Cannot connect to Unity Package Manager local server
Mono: successfully reloaded assembly
- Finished resetting the current domain, in  0.729 seconds
Domain Reload Profiling: 1454ms
	BeginReloadAssembly (164ms)
		ExecutionOrderSort (0ms)
		DisableScriptedObjects (5ms)
		BackupInstance (0ms)
		ReleaseScriptingObjects (0ms)
		CreateAndSetChildDomain (31ms)
	RebuildCommonClasses (33ms)
	RebuildNativeTypeToScriptingClass (9ms)
	initialDomainReloadingComplete (47ms)
	LoadAllAssembliesAndSetupDomain (472ms)
		LoadAssemblies (378ms)
		RebuildTransferFunctionScriptingTraits (0ms)
		AnalyzeDomain (186ms)
			TypeCache.Refresh (157ms)
				TypeCache.ScanAssembly (141ms)
			ScanForSourceGeneratedMonoScriptInfo (22ms)
			ResolveRequiredComponents (5ms)
	FinalizeReload (729ms)
		ReleaseScriptCaches (0ms)
		RebuildScriptCaches (0ms)
		SetupLoadedEditorAssemblies (568ms)
			LogAssemblyErrors (0ms)
			InitializePlatformSupportModulesInManaged (8ms)
			SetLoadedEditorAssemblies (4ms)
			RefreshPlugins (0ms)
			BeforeProcessingInitializeOnLoad (73ms)
			ProcessInitializeOnLoadAttributes (436ms)
			ProcessInitializeOnLoadMethodAttributes (39ms)
			AfterProcessingInitializeOnLoad (9ms)
			EditorAssembliesLoaded (0ms)
		ExecutionOrderSort2 (0ms)
		AwakeInstancesAfterBackupRestoration (7ms)
Launched and connected shader compiler UnityShaderCompiler.exe after 0.08 seconds
Refreshing native plugins compatible for Editor in 6.06 ms, found 4 plugins.
Preloading 0 native plugins for Editor in 0.00 ms.
Unloading 4037 Unused Serialized files (Serialized files now loaded: 0)
Unloading 38 unused Assets / (241.5 KB). Loaded Objects now: 4501.
Memory consumption went from 142.0 MB to 141.7 MB.
Total: 4.160600 ms (FindLiveObjects: 0.274000 ms CreateObjectMapping: 0.146300 ms MarkObjects: 3.505100 ms  DeleteObjects: 0.233100 ms)

AssetImportParameters requested are different than current active one (requested -> active):
  custom:container-demuxer-ogg: 62fdf1f143b41e24485cea50d1cbac27 -> 
  custom:video-codec-MediaFoundation-h265: 746d11721c4dcdbdad8f713fa42b33f4 -> 
  custom:video-decoder-ogg-theora: a1e56fd34408186e4bbccfd4996cb3dc -> 
  custom:framework-win-MediaFoundation: 216162199b28c13a410421893ffa2e32 -> 
  custom:CustomObjectIndexerAttribute: 9a22284fe3817be447336de3de66b15e -> 
  custom:container-demuxer-webm: 4f35f7cbe854078d1ac9338744f61a02 -> 
  custom:container-muxer-webm: aa71ff27fc2769a1b78a27578f13a17b -> 
  custom:video-decoder-webm-vp8: 9c59270c3fd7afecdb556c50c9e8de78 -> 
  custom:SearchIndexIgnoredProperties: e643bd26f0fe6173181afceb89e7c659 -> 
  custom:AudioImporter_EditorPlatform: d09bf68614088b80899f8185d706f6e7 -> 
  custom:video-encoder-webm-vp8: eb34c28f22e8b96e1ab97ce403110664 -> 
  custom:audio-decoder-ogg-vorbis: bf7c407c2cedff20999df2af8eb42d56 -> 
  custom:audio-encoder-webm-vorbis: bf7c407c2cedff20999df2af8eb42d56 -> 
========================================================================
Received Import Request.
  Time since last request: 1388133.196230 seconds.
  path: Assets/Assets/Hero and Opponents/Sprites/Enemy3/attack-B3.png
  artifactKey: Guid(c28b7c74e33a7b648aca59528fc31631) Importer(815301076,1909f56bfc062723c751e8b465ee728b)
Start importing Assets/Assets/Hero and Opponents/Sprites/Enemy3/attack-B3.png using Guid(c28b7c74e33a7b648aca59528fc31631) Importer(815301076,1909f56bfc062723c751e8b465ee728b) [PhysX] Initialized MultithreadedTaskDispatcher with 20 workers.
[PhysX] Initialized MultithreadedTaskDispatcher with 20 workers.
 -> (artifact id: '02696c80db421c64b0eac83fc462b72c') in 0.151957 seconds
Number of updated asset objects reloaded before import = 0
Number of asset objects unloaded after import = 3
========================================================================
Received Import Request.
  Time since last request: 0.000035 seconds.
  path: Assets/Assets/Hero and Opponents/Sprites/Enemy3/attack-B7.png
  artifactKey: Guid(ffed92ea82fa70e459618a2660cfe347) Importer(815301076,1909f56bfc062723c751e8b465ee728b)
Start importing Assets/Assets/Hero and Opponents/Sprites/Enemy3/attack-B7.png using Guid(ffed92ea82fa70e459618a2660cfe347) Importer(815301076,1909f56bfc062723c751e8b465ee728b) [PhysX] Initialized MultithreadedTaskDispatcher with 20 workers.
[PhysX] Initialized MultithreadedTaskDispatcher with 20 workers.
 -> (artifact id: 'aa6d0369c6ae58b6f4c55f5b9331f055') in 0.038142 seconds
Number of updated asset objects reloaded before import = 0
Number of asset objects unloaded after import = 3
========================================================================
Received Import Request.
  Time since last request: 0.000090 seconds.
  path: Assets/Assets/Hero and Opponents/Sprites/Enemy3/hit-3.png
  artifactKey: Guid(a80a75ba0dcdcca44bb16b950986375b) Importer(815301076,1909f56bfc062723c751e8b465ee728b)
Start importing Assets/Assets/Hero and Opponents/Sprites/Enemy3/hit-3.png using Guid(a80a75ba0dcdcca44bb16b950986375b) Importer(815301076,1909f56bfc062723c751e8b465ee728b) [PhysX] Initialized MultithreadedTaskDispatcher with 20 workers.
[PhysX] Initialized MultithreadedTaskDispatcher with 20 workers.
 -> (artifact id: 'cd1ac9c877527db8b14d70458ebd92ff') in 0.030426 seconds
Number of updated asset objects reloaded before import = 0
Number of asset objects unloaded after import = 3
========================================================================
Received Import Request.
  Time since last request: 0.000031 seconds.
  path: Assets/Assets/Hero and Opponents/Sprites/Enemy3/hit-1.png
  artifactKey: Guid(74c10894fd143fa4493f72c3bc8f1367) Importer(815301076,1909f56bfc062723c751e8b465ee728b)
Start importing Assets/Assets/Hero and Opponents/Sprites/Enemy3/hit-1.png using Guid(74c10894fd143fa4493f72c3bc8f1367) Importer(815301076,1909f56bfc062723c751e8b465ee728b) [PhysX] Initialized MultithreadedTaskDispatcher with 20 workers.
[PhysX] Initialized MultithreadedTaskDispatcher with 20 workers.
 -> (artifact id: 'd81285c8cbb4da739291ffe9b1a09db6') in 0.030721 seconds
Number of updated asset objects reloaded before import = 0
Number of asset objects unloaded after import = 3
========================================================================
Received Import Request.
  Time since last request: 0.000038 seconds.
  path: Assets/Assets/Hero and Opponents/Sprites/Enemy3/dead-5.png
  artifactKey: Guid(62802fd32fecc9c4b8b1ea6f0902233c) Importer(815301076,1909f56bfc062723c751e8b465ee728b)
Start importing Assets/Assets/Hero and Opponents/Sprites/Enemy3/dead-5.png using Guid(62802fd32fecc9c4b8b1ea6f0902233c) Importer(815301076,1909f56bfc062723c751e8b465ee728b) [PhysX] Initialized MultithreadedTaskDispatcher with 20 workers.
[PhysX] Initialized MultithreadedTaskDispatcher with 20 workers.
 -> (artifact id: '562a45109ae0bebf60658c8f27209736') in 0.028741 seconds
Number of updated asset objects reloaded before import = 0
Number of asset objects unloaded after import = 3
========================================================================
Received Import Request.
  Time since last request: 0.000020 seconds.
  path: Assets/Assets/Hero and Opponents/Sprites/Enemy3/attack-C7.png
  artifactKey: Guid(9ed74cf91486f7640b10fbb54e84ae98) Importer(815301076,1909f56bfc062723c751e8b465ee728b)
Start importing Assets/Assets/Hero and Opponents/Sprites/Enemy3/attack-C7.png using Guid(9ed74cf91486f7640b10fbb54e84ae98) Importer(815301076,1909f56bfc062723c751e8b465ee728b) [PhysX] Initialized MultithreadedTaskDispatcher with 20 workers.
[PhysX] Initialized MultithreadedTaskDispatcher with 20 workers.
 -> (artifact id: '5328ed1061b9e2cf28b2c8a9e4020cde') in 0.031998 seconds
Number of updated asset objects reloaded before import = 0
Number of asset objects unloaded after import = 3
========================================================================
Received Import Request.
  Time since last request: 0.000030 seconds.
  path: Assets/Assets/Hero and Opponents/Sprites/Enemy3/dead-4.png
  artifactKey: Guid(987f678285b8fe84bac093113b0edf80) Importer(815301076,1909f56bfc062723c751e8b465ee728b)
Start importing Assets/Assets/Hero and Opponents/Sprites/Enemy3/dead-4.png using Guid(987f678285b8fe84bac093113b0edf80) Importer(815301076,1909f56bfc062723c751e8b465ee728b) [PhysX] Initialized MultithreadedTaskDispatcher with 20 workers.
[PhysX] Initialized MultithreadedTaskDispatcher with 20 workers.
 -> (artifact id: 'dc275b78ceaa386b6ebe79eae1cf452e') in 0.034222 seconds
Number of updated asset objects reloaded before import = 0
Number of asset objects unloaded after import = 3
========================================================================
Received Import Request.
  Time since last request: 0.000341 seconds.
  path: Assets/Assets/Hero and Opponents/Sprites/Enemy3/attack-B8.png
  artifactKey: Guid(422c03bc4fb8dfe4d9b02348961a9aad) Importer(815301076,1909f56bfc062723c751e8b465ee728b)
Start importing Assets/Assets/Hero and Opponents/Sprites/Enemy3/attack-B8.png using Guid(422c03bc4fb8dfe4d9b02348961a9aad) Importer(815301076,1909f56bfc062723c751e8b465ee728b) [PhysX] Initialized MultithreadedTaskDispatcher with 20 workers.
[PhysX] Initialized MultithreadedTaskDispatcher with 20 workers.
 -> (artifact id: '501aa401ad653da359d29e944b886d09') in 0.030429 seconds
Number of updated asset objects reloaded before import = 0
Number of asset objects unloaded after import = 3
========================================================================
Received Import Request.
  Time since last request: 0.000024 seconds.
  path: Assets/Assets/Hero and Opponents/Sprites/Enemy3/dead-2.png
  artifactKey: Guid(a3352f354f9492342beb58937cf4baad) Importer(815301076,1909f56bfc062723c751e8b465ee728b)
Start importing Assets/Assets/Hero and Opponents/Sprites/Enemy3/dead-2.png using Guid(a3352f354f9492342beb58937cf4baad) Importer(815301076,1909f56bfc062723c751e8b465ee728b) [PhysX] Initialized MultithreadedTaskDispatcher with 20 workers.
[PhysX] Initialized MultithreadedTaskDispatcher with 20 workers.
 -> (artifact id: 'c2638b4792647b35836a37f951972283') in 0.029509 seconds
Number of updated asset objects reloaded before import = 0
Number of asset objects unloaded after import = 3
========================================================================
Received Import Request.
  Time since last request: 0.000085 seconds.
  path: Assets/Assets/Hero and Opponents/Sprites/Enemy3/attack-B11.png
  artifactKey: Guid(342b9aa1508b26c44951671e25d81119) Importer(815301076,1909f56bfc062723c751e8b465ee728b)
Start importing Assets/Assets/Hero and Opponents/Sprites/Enemy3/attack-B11.png using Guid(342b9aa1508b26c44951671e25d81119) Importer(815301076,1909f56bfc062723c751e8b465ee728b) [PhysX] Initialized MultithreadedTaskDispatcher with 20 workers.
[PhysX] Initialized MultithreadedTaskDispatcher with 20 workers.
 -> (artifact id: '2dc2dc2591282790df8a783a715a96ca') in 0.024873 seconds
Number of updated asset objects reloaded before import = 0
Number of asset objects unloaded after import = 3
========================================================================
Received Import Request.
  Time since last request: 0.000037 seconds.
  path: Assets/Assets/Hero and Opponents/Sprites/Enemy3/dead-3.png
  artifactKey: Guid(ba0278f0728aa294b818d1d4fd4a7ff9) Importer(815301076,1909f56bfc062723c751e8b465ee728b)
Start importing Assets/Assets/Hero and Opponents/Sprites/Enemy3/dead-3.png using Guid(ba0278f0728aa294b818d1d4fd4a7ff9) Importer(815301076,1909f56bfc062723c751e8b465ee728b) [PhysX] Initialized MultithreadedTaskDispatcher with 20 workers.
[PhysX] Initialized MultithreadedTaskDispatcher with 20 workers.
 -> (artifact id: '8e56d620252b3452196bdfecc0742bd2') in 0.033748 seconds
Number of updated asset objects reloaded before import = 0
Number of asset objects unloaded after import = 3
========================================================================
Received Import Request.
  Time since last request: 0.000025 seconds.
  path: Assets/Assets/Hero and Opponents/Sprites/Enemy3/idle-1.png
  artifactKey: Guid(6e4460827a2fe4f43b83b4c9c55ec1dd) Importer(815301076,1909f56bfc062723c751e8b465ee728b)
Start importing Assets/Assets/Hero and Opponents/Sprites/Enemy3/idle-1.png using Guid(6e4460827a2fe4f43b83b4c9c55ec1dd) Importer(815301076,1909f56bfc062723c751e8b465ee728b) [PhysX] Initialized MultithreadedTaskDispatcher with 20 workers.
[PhysX] Initialized MultithreadedTaskDispatcher with 20 workers.
 -> (artifact id: '3a7237f30407bac3aba40fc89aa40799') in 0.025085 seconds
Number of updated asset objects reloaded before import = 0
Number of asset objects unloaded after import = 3
========================================================================
Received Import Request.
  Time since last request: 0.000028 seconds.
  path: Assets/Assets/Hero and Opponents/Sprites/Enemy3/attack-B6.png
  artifactKey: Guid(7feca64fb194c4c44bb16cbdc5101ec1) Importer(815301076,1909f56bfc062723c751e8b465ee728b)
Start importing Assets/Assets/Hero and Opponents/Sprites/Enemy3/attack-B6.png using Guid(7feca64fb194c4c44bb16cbdc5101ec1) Importer(815301076,1909f56bfc062723c751e8b465ee728b) [PhysX] Initialized MultithreadedTaskDispatcher with 20 workers.
[PhysX] Initialized MultithreadedTaskDispatcher with 20 workers.
 -> (artifact id: '06d94fa5669ccfc4dd89c8d5547938c9') in 0.020650 seconds
Number of updated asset objects reloaded before import = 0
Number of asset objects unloaded after import = 3
========================================================================
Received Import Request.
  Time since last request: 0.000025 seconds.
  path: Assets/Assets/Hero and Opponents/Sprites/Enemy3/idle-3.png
  artifactKey: Guid(ccf98b6d631f2fc46a93f7683ea86482) Importer(815301076,1909f56bfc062723c751e8b465ee728b)
Start importing Assets/Assets/Hero and Opponents/Sprites/Enemy3/idle-3.png using Guid(ccf98b6d631f2fc46a93f7683ea86482) Importer(815301076,1909f56bfc062723c751e8b465ee728b) [PhysX] Initialized MultithreadedTaskDispatcher with 20 workers.
[PhysX] Initialized MultithreadedTaskDispatcher with 20 workers.
 -> (artifact id: 'b8842a6d12c89379706829c37cf44455') in 0.033107 seconds
Number of updated asset objects reloaded before import = 0
Number of asset objects unloaded after import = 3
========================================================================
Received Import Request.
  Time since last request: 0.000027 seconds.
  path: Assets/Assets/Hero and Opponents/Sprites/Enemy3/attack-B9.png
  artifactKey: Guid(907ef88ec87b0a94f81407bb4cfff788) Importer(815301076,1909f56bfc062723c751e8b465ee728b)
Start importing Assets/Assets/Hero and Opponents/Sprites/Enemy3/attack-B9.png using Guid(907ef88ec87b0a94f81407bb4cfff788) Importer(815301076,1909f56bfc062723c751e8b465ee728b) [PhysX] Initialized MultithreadedTaskDispatcher with 20 workers.
[PhysX] Initialized MultithreadedTaskDispatcher with 20 workers.
 -> (artifact id: '1ccaccc12e82febba93ddabcfe4b20c3') in 0.025519 seconds
Number of updated asset objects reloaded before import = 0
Number of asset objects unloaded after import = 3
========================================================================
Received Import Request.
  Time since last request: 0.000031 seconds.
  path: Assets/Assets/Hero and Opponents/Sprites/Enemy3/attack-C5.png
  artifactKey: Guid(0c5f262e972f0e14fa53f809d4ec4f11) Importer(815301076,1909f56bfc062723c751e8b465ee728b)
Start importing Assets/Assets/Hero and Opponents/Sprites/Enemy3/attack-C5.png using Guid(0c5f262e972f0e14fa53f809d4ec4f11) Importer(815301076,1909f56bfc062723c751e8b465ee728b) [PhysX] Initialized MultithreadedTaskDispatcher with 20 workers.
[PhysX] Initialized MultithreadedTaskDispatcher with 20 workers.
 -> (artifact id: 'bb7db708036179effe4a47562c9d9817') in 0.032459 seconds
Number of updated asset objects reloaded before import = 0
Number of asset objects unloaded after import = 3
========================================================================
Received Import Request.
  Time since last request: 14.286974 seconds.
  path: Assets/Assets/Hero and Opponents/Sprites/Enemy4/attack-A2.png
  artifactKey: Guid(73a74bccc04f0694cbcc4f396f20fa90) Importer(815301076,1909f56bfc062723c751e8b465ee728b)
Start importing Assets/Assets/Hero and Opponents/Sprites/Enemy4/attack-A2.png using Guid(73a74bccc04f0694cbcc4f396f20fa90) Importer(815301076,1909f56bfc062723c751e8b465ee728b) [PhysX] Initialized MultithreadedTaskDispatcher with 20 workers.
[PhysX] Initialized MultithreadedTaskDispatcher with 20 workers.
 -> (artifact id: '6a0014f068490b3973a30368e7a3bd81') in 0.023704 seconds
Number of updated asset objects reloaded before import = 0
Number of asset objects unloaded after import = 3
========================================================================
Received Import Request.
  Time since last request: 0.000027 seconds.
  path: Assets/Assets/Hero and Opponents/Sprites/Enemy4/attack-B4.png
  artifactKey: Guid(b104f0d12ebe25e4580b710fc034c144) Importer(815301076,1909f56bfc062723c751e8b465ee728b)
Start importing Assets/Assets/Hero and Opponents/Sprites/Enemy4/attack-B4.png using Guid(b104f0d12ebe25e4580b710fc034c144) Importer(815301076,1909f56bfc062723c751e8b465ee728b) [PhysX] Initialized MultithreadedTaskDispatcher with 20 workers.
[PhysX] Initialized MultithreadedTaskDispatcher with 20 workers.
 -> (artifact id: '4b29f4e67c9e76a65fd15b0dd18b6221') in 0.035860 seconds
Number of updated asset objects reloaded before import = 0
Number of asset objects unloaded after import = 3
========================================================================
Received Import Request.
  Time since last request: 0.000026 seconds.
  path: Assets/Assets/Hero and Opponents/Sprites/Enemy4/attack-B6.png
  artifactKey: Guid(d08fe4a10a671684d83aa0273666bb5c) Importer(815301076,1909f56bfc062723c751e8b465ee728b)
Start importing Assets/Assets/Hero and Opponents/Sprites/Enemy4/attack-B6.png using Guid(d08fe4a10a671684d83aa0273666bb5c) Importer(815301076,1909f56bfc062723c751e8b465ee728b) [PhysX] Initialized MultithreadedTaskDispatcher with 20 workers.
[PhysX] Initialized MultithreadedTaskDispatcher with 20 workers.
 -> (artifact id: 'a3e67a6307700041c4f233a7c0628fb8') in 0.050641 seconds
Number of updated asset objects reloaded before import = 0
Number of asset objects unloaded after import = 3
========================================================================
Received Import Request.
  Time since last request: 0.000021 seconds.
  path: Assets/Assets/Hero and Opponents/Sprites/Enemy4/jump-5.png
  artifactKey: Guid(79110db1cbca0064fb84324540fd21a3) Importer(815301076,1909f56bfc062723c751e8b465ee728b)
Start importing Assets/Assets/Hero and Opponents/Sprites/Enemy4/jump-5.png using Guid(79110db1cbca0064fb84324540fd21a3) Importer(815301076,1909f56bfc062723c751e8b465ee728b) [PhysX] Initialized MultithreadedTaskDispatcher with 20 workers.
[PhysX] Initialized MultithreadedTaskDispatcher with 20 workers.
 -> (artifact id: 'edd28c11d47cd64ffb669aa5d3f83739') in 0.020787 seconds
Number of updated asset objects reloaded before import = 0
Number of asset objects unloaded after import = 3
========================================================================
Received Import Request.
  Time since last request: 0.000126 seconds.
  path: Assets/Assets/Hero and Opponents/Sprites/Enemy4/dead-2.png
  artifactKey: Guid(0cfd4f05a7016f841bdc2890b3034ed1) Importer(815301076,1909f56bfc062723c751e8b465ee728b)
Start importing Assets/Assets/Hero and Opponents/Sprites/Enemy4/dead-2.png using Guid(0cfd4f05a7016f841bdc2890b3034ed1) Importer(815301076,1909f56bfc062723c751e8b465ee728b) [PhysX] Initialized MultithreadedTaskDispatcher with 20 workers.
[PhysX] Initialized MultithreadedTaskDispatcher with 20 workers.
 -> (artifact id: '8f40dd87d774c6f9981bc20c7f04f266') in 0.054832 seconds
Number of updated asset objects reloaded before import = 0
Number of asset objects unloaded after import = 3
========================================================================
Received Import Request.
  Time since last request: 0.000025 seconds.
  path: Assets/Assets/Hero and Opponents/Sprites/Enemy4/walk-1.png
  artifactKey: Guid(a7fab4d5e73126e4394742f72eee9f2b) Importer(815301076,1909f56bfc062723c751e8b465ee728b)
Start importing Assets/Assets/Hero and Opponents/Sprites/Enemy4/walk-1.png using Guid(a7fab4d5e73126e4394742f72eee9f2b) Importer(815301076,1909f56bfc062723c751e8b465ee728b) [PhysX] Initialized MultithreadedTaskDispatcher with 20 workers.
[PhysX] Initialized MultithreadedTaskDispatcher with 20 workers.
 -> (artifact id: '1558489495848b97ed43b2f07c53d6b6') in 0.071044 seconds
Number of updated asset objects reloaded before import = 0
Number of asset objects unloaded after import = 3
========================================================================
Received Import Request.
  Time since last request: 0.000030 seconds.
  path: Assets/Assets/Hero and Opponents/Sprites/Enemy4/attack-B10.png
  artifactKey: Guid(258417c0783ce824e97b514a2437d35a) Importer(815301076,1909f56bfc062723c751e8b465ee728b)
Start importing Assets/Assets/Hero and Opponents/Sprites/Enemy4/attack-B10.png using Guid(258417c0783ce824e97b514a2437d35a) Importer(815301076,1909f56bfc062723c751e8b465ee728b) [PhysX] Initialized MultithreadedTaskDispatcher with 20 workers.
[PhysX] Initialized MultithreadedTaskDispatcher with 20 workers.
 -> (artifact id: 'b9354f129e930c9a04b17b134010d3de') in 0.054648 seconds
Number of updated asset objects reloaded before import = 0
Number of asset objects unloaded after import = 3
========================================================================
Received Import Request.
  Time since last request: 0.000214 seconds.
  path: Assets/Assets/Hero and Opponents/Sprites/Enemy4/idle-1.png
  artifactKey: Guid(f28e5060b1c87274280e20a11304db5a) Importer(815301076,1909f56bfc062723c751e8b465ee728b)
Start importing Assets/Assets/Hero and Opponents/Sprites/Enemy4/idle-1.png using Guid(f28e5060b1c87274280e20a11304db5a) Importer(815301076,1909f56bfc062723c751e8b465ee728b) [PhysX] Initialized MultithreadedTaskDispatcher with 20 workers.
[PhysX] Initialized MultithreadedTaskDispatcher with 20 workers.
 -> (artifact id: '0aace102419634e97404e179cad51f07') in 0.049885 seconds
Number of updated asset objects reloaded before import = 0
Number of asset objects unloaded after import = 3
========================================================================
Received Import Request.
  Time since last request: 0.000135 seconds.
  path: Assets/Assets/Hero and Opponents/Sprites/Enemy4/attack-B2.png
  artifactKey: Guid(fa5b1207bbf504b4faa399dbe611a16f) Importer(815301076,1909f56bfc062723c751e8b465ee728b)
Start importing Assets/Assets/Hero and Opponents/Sprites/Enemy4/attack-B2.png using Guid(fa5b1207bbf504b4faa399dbe611a16f) Importer(815301076,1909f56bfc062723c751e8b465ee728b) [PhysX] Initialized MultithreadedTaskDispatcher with 20 workers.
[PhysX] Initialized MultithreadedTaskDispatcher with 20 workers.
 -> (artifact id: 'ea8d653842449f43b1d0e681f4206219') in 0.040645 seconds
Number of updated asset objects reloaded before import = 0
Number of asset objects unloaded after import = 3
========================================================================
Received Import Request.
  Time since last request: 82.947734 seconds.
  path: Assets/Assets/Hero and Opponents/Sprites/Player/walk-with-weapon-2.png
  artifactKey: Guid(13817b3cf750ff740947d2af54cd6194) Importer(815301076,1909f56bfc062723c751e8b465ee728b)
Start importing Assets/Assets/Hero and Opponents/Sprites/Player/walk-with-weapon-2.png using Guid(13817b3cf750ff740947d2af54cd6194) Importer(815301076,1909f56bfc062723c751e8b465ee728b) [PhysX] Initialized MultithreadedTaskDispatcher with 20 workers.
[PhysX] Initialized MultithreadedTaskDispatcher with 20 workers.
 -> (artifact id: '967986c2d3963c42467daee5c1c3409d') in 0.020895 seconds
Number of updated asset objects reloaded before import = 0
Number of asset objects unloaded after import = 3
========================================================================
Received Import Request.
  Time since last request: 0.010791 seconds.
  path: Assets/Assets/Hero and Opponents/Sprites/Player/walk-with-weapon-4.png
  artifactKey: Guid(88b8a8e2c56d2ce41850d0d95fee3e00) Importer(815301076,1909f56bfc062723c751e8b465ee728b)
Start importing Assets/Assets/Hero and Opponents/Sprites/Player/walk-with-weapon-4.png using Guid(88b8a8e2c56d2ce41850d0d95fee3e00) Importer(815301076,1909f56bfc062723c751e8b465ee728b) [PhysX] Initialized MultithreadedTaskDispatcher with 20 workers.
[PhysX] Initialized MultithreadedTaskDispatcher with 20 workers.
 -> (artifact id: '9aee7017497f0acbec9b0b06f24566cb') in 0.022363 seconds
Number of updated asset objects reloaded before import = 0
Number of asset objects unloaded after import = 3
========================================================================
Received Import Request.
  Time since last request: 0.000036 seconds.
  path: Assets/Assets/Hero and Opponents/Sprites/Player/walk-with-weapon-11.png
  artifactKey: Guid(6b54e6c1b030f924ea6b6c2428036b07) Importer(815301076,1909f56bfc062723c751e8b465ee728b)
Start importing Assets/Assets/Hero and Opponents/Sprites/Player/walk-with-weapon-11.png using Guid(6b54e6c1b030f924ea6b6c2428036b07) Importer(815301076,1909f56bfc062723c751e8b465ee728b) [PhysX] Initialized MultithreadedTaskDispatcher with 20 workers.
[PhysX] Initialized MultithreadedTaskDispatcher with 20 workers.
 -> (artifact id: 'f10f4fdf024be879514840464073fa55') in 0.034963 seconds
Number of updated asset objects reloaded before import = 0
Number of asset objects unloaded after import = 3
========================================================================
Received Import Request.
  Time since last request: 0.000033 seconds.
  path: Assets/Assets/Hero and Opponents/Sprites/Player/walk-with-weapon-7.png
  artifactKey: Guid(0d74f26aebcad7746a6f3eb653d1c254) Importer(815301076,1909f56bfc062723c751e8b465ee728b)
Start importing Assets/Assets/Hero and Opponents/Sprites/Player/walk-with-weapon-7.png using Guid(0d74f26aebcad7746a6f3eb653d1c254) Importer(815301076,1909f56bfc062723c751e8b465ee728b) [PhysX] Initialized MultithreadedTaskDispatcher with 20 workers.
[PhysX] Initialized MultithreadedTaskDispatcher with 20 workers.
 -> (artifact id: '59ea98357edfb8c4311743d108848acb') in 0.038741 seconds
Number of updated asset objects reloaded before import = 0
Number of asset objects unloaded after import = 3
========================================================================
Received Import Request.
  Time since last request: 0.000030 seconds.
  path: Assets/Assets/Hero and Opponents/Sprites/Player/walk-with-weapon-5.png
  artifactKey: Guid(e0ebb88f3d6e3ac45a706d9ae526756a) Importer(815301076,1909f56bfc062723c751e8b465ee728b)
Start importing Assets/Assets/Hero and Opponents/Sprites/Player/walk-with-weapon-5.png using Guid(e0ebb88f3d6e3ac45a706d9ae526756a) Importer(815301076,1909f56bfc062723c751e8b465ee728b) [PhysX] Initialized MultithreadedTaskDispatcher with 20 workers.
[PhysX] Initialized MultithreadedTaskDispatcher with 20 workers.
 -> (artifact id: '8aa0872b8c3eddd17418de0747b771ea') in 0.034545 seconds
Number of updated asset objects reloaded before import = 0
Number of asset objects unloaded after import = 3
========================================================================
Received Import Request.
  Time since last request: 6.027925 seconds.
  path: Assets/Assets/Hero and Opponents/Sprites/Player/Idle/idle-2.png
  artifactKey: Guid(f300afea40f4b55489493f7033b37c97) Importer(815301076,1909f56bfc062723c751e8b465ee728b)
Start importing Assets/Assets/Hero and Opponents/Sprites/Player/Idle/idle-2.png using Guid(f300afea40f4b55489493f7033b37c97) Importer(815301076,1909f56bfc062723c751e8b465ee728b) [PhysX] Initialized MultithreadedTaskDispatcher with 20 workers.
[PhysX] Initialized MultithreadedTaskDispatcher with 20 workers.
 -> (artifact id: 'bb5d756afd25977c0eb809fc755456d2') in 0.040010 seconds
Number of updated asset objects reloaded before import = 0
Number of asset objects unloaded after import = 3
========================================================================
Received Import Request.
  Time since last request: 0.000030 seconds.
  path: Assets/Assets/Hero and Opponents/Sprites/Player/Idle/idle-with-weapon-2.png
  artifactKey: Guid(b37b8f432f243d947b9c54d77b40d08c) Importer(815301076,1909f56bfc062723c751e8b465ee728b)
Start importing Assets/Assets/Hero and Opponents/Sprites/Player/Idle/idle-with-weapon-2.png using Guid(b37b8f432f243d947b9c54d77b40d08c) Importer(815301076,1909f56bfc062723c751e8b465ee728b) [PhysX] Initialized MultithreadedTaskDispatcher with 20 workers.
[PhysX] Initialized MultithreadedTaskDispatcher with 20 workers.
 -> (artifact id: 'b351a86615dce3cf7e8d4eb8f2d364a9') in 0.038187 seconds
Number of updated asset objects reloaded before import = 0
Number of asset objects unloaded after import = 3
========================================================================
Received Import Request.
  Time since last request: 0.000182 seconds.
  path: Assets/Assets/Hero and Opponents/Sprites/Player/Idle/idle-with-weapon-5.png
  artifactKey: Guid(b1736965bc1a4e54bb489175ff556588) Importer(815301076,1909f56bfc062723c751e8b465ee728b)
Start importing Assets/Assets/Hero and Opponents/Sprites/Player/Idle/idle-with-weapon-5.png using Guid(b1736965bc1a4e54bb489175ff556588) Importer(815301076,1909f56bfc062723c751e8b465ee728b) [PhysX] Initialized MultithreadedTaskDispatcher with 20 workers.
[PhysX] Initialized MultithreadedTaskDispatcher with 20 workers.
 -> (artifact id: 'febeba68698de6d629e40d7613bd1575') in 0.036231 seconds
Number of updated asset objects reloaded before import = 0
Number of asset objects unloaded after import = 3
========================================================================
Received Import Request.
  Time since last request: 0.000228 seconds.
  path: Assets/Assets/Hero and Opponents/Sprites/Player/Idle/idle-with-weapon-4.png
  artifactKey: Guid(87fcc504506f3ec4da38b61664d2bc28) Importer(815301076,1909f56bfc062723c751e8b465ee728b)
Start importing Assets/Assets/Hero and Opponents/Sprites/Player/Idle/idle-with-weapon-4.png using Guid(87fcc504506f3ec4da38b61664d2bc28) Importer(815301076,1909f56bfc062723c751e8b465ee728b) [PhysX] Initialized MultithreadedTaskDispatcher with 20 workers.
[PhysX] Initialized MultithreadedTaskDispatcher with 20 workers.
 -> (artifact id: '3cad8d5f1f60d8089fb7d11f7bf7a52d') in 0.044064 seconds
Number of updated asset objects reloaded before import = 0
Number of asset objects unloaded after import = 3
Editor requested this worker to shutdown with reason: Scaling down because of idle timeout
TcpMessagingSession - receive error: operation aborted. errorcode: 995, details: The I/O operation has been aborted because of either a thread exit or an application request.
AssetImportWorker is now disconnected from the server
Process exiting
Exiting without the bug reporter. Application will terminate with return code 0