Using pre-set license
Built from '2022.3/release' branch; Version is '2022.3.48f1 (8bf49c377ebf) revision 9172124'; Using compiler version '192829333'; Build Type 'Release'
OS: 'Windows 11  (10.0.22631) 64bit Core' Language: 'en' Physical Memory: 16074 MB
BatchMode: 1, IsHumanControllingUs: 0, StartBugReporterOnCrash: 0, Is64bit: 1, IsPro: 1

COMMAND LINE ARGUMENTS:
C:\Program Files\Unity\Hub\Editor\2022.3.48f1\Editor\Unity.exe
-adb2
-batchMode
-noUpm
-name
AssetImportWorker12
-projectPath
C:/Users/afrro/OneDrive/Documents/GitHub/RPG-game/RPG game 2D
-logFile
Logs/AssetImportWorker12.log
-srvPort
58289
Successfully changed project path to: C:/Users/afrro/OneDrive/Documents/GitHub/RPG-game/RPG game 2D
C:/Users/afrro/OneDrive/Documents/GitHub/RPG-game/RPG game 2D
[UnityMemory] Configuration Parameters - Can be set up in boot.config
    "memorysetup-bucket-allocator-granularity=16"
    "memorysetup-bucket-allocator-bucket-count=8"
    "memorysetup-bucket-allocator-block-size=33554432"
    "memorysetup-bucket-allocator-block-count=8"
    "memorysetup-main-allocator-block-size=16777216"
    "memorysetup-thread-allocator-block-size=16777216"
    "memorysetup-gfx-main-allocator-block-size=16777216"
    "memorysetup-gfx-thread-allocator-block-size=16777216"
    "memorysetup-cache-allocator-block-size=4194304"
    "memorysetup-typetree-allocator-block-size=2097152"
    "memorysetup-profiler-bucket-allocator-granularity=16"
    "memorysetup-profiler-bucket-allocator-bucket-count=8"
    "memorysetup-profiler-bucket-allocator-block-size=33554432"
    "memorysetup-profiler-bucket-allocator-block-count=8"
    "memorysetup-profiler-allocator-block-size=16777216"
    "memorysetup-profiler-editor-allocator-block-size=1048576"
    "memorysetup-temp-allocator-size-main=16777216"
    "memorysetup-job-temp-allocator-block-size=2097152"
    "memorysetup-job-temp-allocator-block-size-background=1048576"
    "memorysetup-job-temp-allocator-reduction-small-platforms=262144"
    "memorysetup-allocator-temp-initial-block-size-main=262144"
    "memorysetup-allocator-temp-initial-block-size-worker=262144"
    "memorysetup-temp-allocator-size-background-worker=32768"
    "memorysetup-temp-allocator-size-job-worker=262144"
    "memorysetup-temp-allocator-size-preload-manager=33554432"
    "memorysetup-temp-allocator-size-nav-mesh-worker=65536"
    "memorysetup-temp-allocator-size-audio-worker=65536"
    "memorysetup-temp-allocator-size-cloud-worker=32768"
    "memorysetup-temp-allocator-size-gi-baking-worker=262144"
    "memorysetup-temp-allocator-size-gfx=262144"
Player connection [25264]  Target information:

Player connection [25264]  * "[IP] 10.4.18.18 [Port] 0 [Flags] 2 [Guid] 2164598210 [EditorId] 2164598210 [Version] 1048832 [Id] WindowsEditor(7,Anna) [Debug] 1 [PackageName] WindowsEditor [ProjectName] Editor" 

Player connection [25264] Host joined multi-casting on [225.0.0.222:54997]...
Player connection [25264] Host joined alternative multi-casting on [225.0.0.222:34997]...
[PhysX] Initialized MultithreadedTaskDispatcher with 20 workers.
Refreshing native plugins compatible for Editor in 22.04 ms, found 4 plugins.
Preloading 0 native plugins for Editor in 0.00 ms.
Initialize engine version: 2022.3.48f1 (8bf49c377ebf)
[Subsystems] Discovering subsystems at path C:/Program Files/Unity/Hub/Editor/2022.3.48f1/Editor/Data/Resources/UnitySubsystems
[Subsystems] Discovering subsystems at path C:/Users/afrro/OneDrive/Documents/GitHub/RPG-game/RPG game 2D/Assets
GfxDevice: creating device client; threaded=0; jobified=0
Direct3D:
    Version:  Direct3D 11.0 [level 11.1]
    Renderer: Intel(R) Iris(R) Xe Graphics (ID=0x46a6)
    Vendor:   Intel
    VRAM:     8037 MB
    Driver:   30.0.101.1369
Initialize mono
Mono path[0] = 'C:/Program Files/Unity/Hub/Editor/2022.3.48f1/Editor/Data/Managed'
Mono path[1] = 'C:/Program Files/Unity/Hub/Editor/2022.3.48f1/Editor/Data/MonoBleedingEdge/lib/mono/unityjit-win32'
Mono config path = 'C:/Program Files/Unity/Hub/Editor/2022.3.48f1/Editor/Data/MonoBleedingEdge/etc'
Using monoOptions --debugger-agent=transport=dt_socket,embedding=1,server=y,suspend=n,address=127.0.0.1:56428
Begin MonoManager ReloadAssembly
Registering precompiled unity dll's ...
Register platform support module: C:/Program Files/Unity/Hub/Editor/2022.3.48f1/Editor/Data/PlaybackEngines/WindowsStandaloneSupport/UnityEditor.WindowsStandalone.Extensions.dll
Registered in 0.010700 seconds.
- Loaded All Assemblies, in  0.449 seconds
Native extension for WindowsStandalone target not found
Mono: successfully reloaded assembly
- Finished resetting the current domain, in  0.274 seconds
Domain Reload Profiling: 721ms
	BeginReloadAssembly (169ms)
		ExecutionOrderSort (0ms)
		DisableScriptedObjects (0ms)
		BackupInstance (0ms)
		ReleaseScriptingObjects (0ms)
		CreateAndSetChildDomain (1ms)
	RebuildCommonClasses (39ms)
	RebuildNativeTypeToScriptingClass (11ms)
	initialDomainReloadingComplete (74ms)
	LoadAllAssembliesAndSetupDomain (154ms)
		LoadAssemblies (165ms)
		RebuildTransferFunctionScriptingTraits (0ms)
		AnalyzeDomain (152ms)
			TypeCache.Refresh (151ms)
				TypeCache.ScanAssembly (136ms)
			ScanForSourceGeneratedMonoScriptInfo (0ms)
			ResolveRequiredComponents (0ms)
	FinalizeReload (274ms)
		ReleaseScriptCaches (0ms)
		RebuildScriptCaches (0ms)
		SetupLoadedEditorAssemblies (227ms)
			LogAssemblyErrors (0ms)
			InitializePlatformSupportModulesInManaged (10ms)
			SetLoadedEditorAssemblies (8ms)
			RefreshPlugins (0ms)
			BeforeProcessingInitializeOnLoad (2ms)
			ProcessInitializeOnLoadAttributes (156ms)
			ProcessInitializeOnLoadMethodAttributes (50ms)
			AfterProcessingInitializeOnLoad (0ms)
			EditorAssembliesLoaded (0ms)
		ExecutionOrderSort2 (0ms)
		AwakeInstancesAfterBackupRestoration (0ms)
========================================================================
Worker process is ready to serve import requests
Caller must complete domain reload
Begin MonoManager ReloadAssembly
- Loaded All Assemblies, in  0.724 seconds
Native extension for WindowsStandalone target not found
Package Manager log level set to [2]
[Package Manager] Server::EnsureServerProcessIsRunning -- launch failed, reason: Unity was launched with the -noUpm command-line argument
[Package Manager] UpmClient::Send -- Unable to send message (not connected to UPM process).
[Package Manager] Cannot connect to Unity Package Manager local server
Mono: successfully reloaded assembly
- Finished resetting the current domain, in  0.720 seconds
Domain Reload Profiling: 1438ms
	BeginReloadAssembly (161ms)
		ExecutionOrderSort (0ms)
		DisableScriptedObjects (6ms)
		BackupInstance (0ms)
		ReleaseScriptingObjects (0ms)
		CreateAndSetChildDomain (28ms)
	RebuildCommonClasses (34ms)
	RebuildNativeTypeToScriptingClass (15ms)
	initialDomainReloadingComplete (50ms)
	LoadAllAssembliesAndSetupDomain (459ms)
		LoadAssemblies (367ms)
		RebuildTransferFunctionScriptingTraits (0ms)
		AnalyzeDomain (180ms)
			TypeCache.Refresh (149ms)
				TypeCache.ScanAssembly (133ms)
			ScanForSourceGeneratedMonoScriptInfo (24ms)
			ResolveRequiredComponents (5ms)
	FinalizeReload (720ms)
		ReleaseScriptCaches (0ms)
		RebuildScriptCaches (0ms)
		SetupLoadedEditorAssemblies (564ms)
			LogAssemblyErrors (0ms)
			InitializePlatformSupportModulesInManaged (6ms)
			SetLoadedEditorAssemblies (4ms)
			RefreshPlugins (0ms)
			BeforeProcessingInitializeOnLoad (77ms)
			ProcessInitializeOnLoadAttributes (425ms)
			ProcessInitializeOnLoadMethodAttributes (44ms)
			AfterProcessingInitializeOnLoad (8ms)
			EditorAssembliesLoaded (0ms)
		ExecutionOrderSort2 (0ms)
		AwakeInstancesAfterBackupRestoration (7ms)
Launched and connected shader compiler UnityShaderCompiler.exe after 0.09 seconds
Refreshing native plugins compatible for Editor in 6.32 ms, found 4 plugins.
Preloading 0 native plugins for Editor in 0.00 ms.
Unloading 4037 Unused Serialized files (Serialized files now loaded: 0)
Unloading 38 unused Assets / (241.2 KB). Loaded Objects now: 4501.
Memory consumption went from 141.9 MB to 141.7 MB.
Total: 4.767400 ms (FindLiveObjects: 0.287400 ms CreateObjectMapping: 0.140600 ms MarkObjects: 4.078800 ms  DeleteObjects: 0.253300 ms)

AssetImportParameters requested are different than current active one (requested -> active):
  custom:container-demuxer-ogg: 62fdf1f143b41e24485cea50d1cbac27 -> 
  custom:video-codec-MediaFoundation-h265: 746d11721c4dcdbdad8f713fa42b33f4 -> 
  custom:video-decoder-ogg-theora: a1e56fd34408186e4bbccfd4996cb3dc -> 
  custom:framework-win-MediaFoundation: 216162199b28c13a410421893ffa2e32 -> 
  custom:CustomObjectIndexerAttribute: 9a22284fe3817be447336de3de66b15e -> 
  custom:container-demuxer-webm: 4f35f7cbe854078d1ac9338744f61a02 -> 
  custom:container-muxer-webm: aa71ff27fc2769a1b78a27578f13a17b -> 
  custom:video-decoder-webm-vp8: 9c59270c3fd7afecdb556c50c9e8de78 -> 
  custom:SearchIndexIgnoredProperties: e643bd26f0fe6173181afceb89e7c659 -> 
  custom:AudioImporter_EditorPlatform: d09bf68614088b80899f8185d706f6e7 -> 
  custom:video-encoder-webm-vp8: eb34c28f22e8b96e1ab97ce403110664 -> 
  custom:audio-decoder-ogg-vorbis: bf7c407c2cedff20999df2af8eb42d56 -> 
  custom:audio-encoder-webm-vorbis: bf7c407c2cedff20999df2af8eb42d56 -> 
========================================================================
Received Import Request.
  Time since last request: 1388133.196829 seconds.
  path: Assets/Assets/Hero and Opponents/Sprites/Enemy3/attack-B4.png
  artifactKey: Guid(06423f39ae16b3849a9ee4295973598f) Importer(815301076,1909f56bfc062723c751e8b465ee728b)
Start importing Assets/Assets/Hero and Opponents/Sprites/Enemy3/attack-B4.png using Guid(06423f39ae16b3849a9ee4295973598f) Importer(815301076,1909f56bfc062723c751e8b465ee728b) [PhysX] Initialized MultithreadedTaskDispatcher with 20 workers.
[PhysX] Initialized MultithreadedTaskDispatcher with 20 workers.
 -> (artifact id: '855ff47ce1b9c0383ad2c11c4073e44f') in 0.147944 seconds
Number of updated asset objects reloaded before import = 0
Number of asset objects unloaded after import = 3
========================================================================
Received Import Request.
  Time since last request: 0.000039 seconds.
  path: Assets/Assets/Hero and Opponents/Sprites/Enemy3/attack-B10.png
  artifactKey: Guid(b9cbfae5b22c9f74f869b56b802373bb) Importer(815301076,1909f56bfc062723c751e8b465ee728b)
Start importing Assets/Assets/Hero and Opponents/Sprites/Enemy3/attack-B10.png using Guid(b9cbfae5b22c9f74f869b56b802373bb) Importer(815301076,1909f56bfc062723c751e8b465ee728b) [PhysX] Initialized MultithreadedTaskDispatcher with 20 workers.
[PhysX] Initialized MultithreadedTaskDispatcher with 20 workers.
 -> (artifact id: 'bd9b3aa7afba8d46b8182127a152fa85') in 0.046731 seconds
Number of updated asset objects reloaded before import = 0
Number of asset objects unloaded after import = 3
========================================================================
Received Import Request.
  Time since last request: 0.000040 seconds.
  path: Assets/Assets/Hero and Opponents/Sprites/Enemy3/idle-4.png
  artifactKey: Guid(03733ed159cdb8541a3488919b1e6cd5) Importer(815301076,1909f56bfc062723c751e8b465ee728b)
Start importing Assets/Assets/Hero and Opponents/Sprites/Enemy3/idle-4.png using Guid(03733ed159cdb8541a3488919b1e6cd5) Importer(815301076,1909f56bfc062723c751e8b465ee728b) [PhysX] Initialized MultithreadedTaskDispatcher with 20 workers.
[PhysX] Initialized MultithreadedTaskDispatcher with 20 workers.
 -> (artifact id: '4dd6aa728335b9bcb45f016df0d2e0f9') in 0.039990 seconds
Number of updated asset objects reloaded before import = 0
Number of asset objects unloaded after import = 3
========================================================================
Received Import Request.
  Time since last request: 0.000023 seconds.
  path: Assets/Assets/Hero and Opponents/Sprites/Enemy3/idle-2.png
  artifactKey: Guid(3499081f32826c44f9c92212e855410d) Importer(815301076,1909f56bfc062723c751e8b465ee728b)
Start importing Assets/Assets/Hero and Opponents/Sprites/Enemy3/idle-2.png using Guid(3499081f32826c44f9c92212e855410d) Importer(815301076,1909f56bfc062723c751e8b465ee728b) [PhysX] Initialized MultithreadedTaskDispatcher with 20 workers.
[PhysX] Initialized MultithreadedTaskDispatcher with 20 workers.
 -> (artifact id: '5add63dc4eaf522bd93957522a9d61de') in 0.014556 seconds
Number of updated asset objects reloaded before import = 0
Number of asset objects unloaded after import = 3
========================================================================
Received Import Request.
  Time since last request: 0.000023 seconds.
  path: Assets/Assets/Hero and Opponents/Sprites/Enemy3/walk-2.png
  artifactKey: Guid(6bfffeba0b62cf5448929c448f711700) Importer(815301076,1909f56bfc062723c751e8b465ee728b)
Start importing Assets/Assets/Hero and Opponents/Sprites/Enemy3/walk-2.png using Guid(6bfffeba0b62cf5448929c448f711700) Importer(815301076,1909f56bfc062723c751e8b465ee728b) [PhysX] Initialized MultithreadedTaskDispatcher with 20 workers.
[PhysX] Initialized MultithreadedTaskDispatcher with 20 workers.
 -> (artifact id: '9705478f6eff8ffe79f3b0b920b177b9') in 0.032277 seconds
Number of updated asset objects reloaded before import = 0
Number of asset objects unloaded after import = 3
========================================================================
Received Import Request.
  Time since last request: 0.000029 seconds.
  path: Assets/Assets/Hero and Opponents/Sprites/Enemy3/attack-C6.png
  artifactKey: Guid(7f9af0bdf6bed18488b5037877de5627) Importer(815301076,1909f56bfc062723c751e8b465ee728b)
Start importing Assets/Assets/Hero and Opponents/Sprites/Enemy3/attack-C6.png using Guid(7f9af0bdf6bed18488b5037877de5627) Importer(815301076,1909f56bfc062723c751e8b465ee728b) [PhysX] Initialized MultithreadedTaskDispatcher with 20 workers.
[PhysX] Initialized MultithreadedTaskDispatcher with 20 workers.
 -> (artifact id: 'd7c563e8946311e61c9d4b9942ed4afe') in 0.033155 seconds
Number of updated asset objects reloaded before import = 0
Number of asset objects unloaded after import = 3
========================================================================
Received Import Request.
  Time since last request: 0.000024 seconds.
  path: Assets/Assets/Hero and Opponents/Sprites/Enemy3/walk-1.png
  artifactKey: Guid(1834e50e1f258904ba803e00c5e899c1) Importer(815301076,1909f56bfc062723c751e8b465ee728b)
Start importing Assets/Assets/Hero and Opponents/Sprites/Enemy3/walk-1.png using Guid(1834e50e1f258904ba803e00c5e899c1) Importer(815301076,1909f56bfc062723c751e8b465ee728b) [PhysX] Initialized MultithreadedTaskDispatcher with 20 workers.
[PhysX] Initialized MultithreadedTaskDispatcher with 20 workers.
 -> (artifact id: '9330e02218035ce5810ce7838958c1c1') in 0.032677 seconds
Number of updated asset objects reloaded before import = 0
Number of asset objects unloaded after import = 3
========================================================================
Received Import Request.
  Time since last request: 0.000029 seconds.
  path: Assets/Assets/Hero and Opponents/Sprites/Enemy3/attack-C8.png
  artifactKey: Guid(80c8373041307574b98fb385406fad57) Importer(815301076,1909f56bfc062723c751e8b465ee728b)
Start importing Assets/Assets/Hero and Opponents/Sprites/Enemy3/attack-C8.png using Guid(80c8373041307574b98fb385406fad57) Importer(815301076,1909f56bfc062723c751e8b465ee728b) [PhysX] Initialized MultithreadedTaskDispatcher with 20 workers.
[PhysX] Initialized MultithreadedTaskDispatcher with 20 workers.
 -> (artifact id: '81f223fd9acee31165717f8808e62ff2') in 0.031721 seconds
Number of updated asset objects reloaded before import = 0
Number of asset objects unloaded after import = 3
========================================================================
Received Import Request.
  Time since last request: 0.000030 seconds.
  path: Assets/Assets/Hero and Opponents/Sprites/Enemy3/hit-2.png
  artifactKey: Guid(7cad485b53033954196cb63a5a7fc086) Importer(815301076,1909f56bfc062723c751e8b465ee728b)
Start importing Assets/Assets/Hero and Opponents/Sprites/Enemy3/hit-2.png using Guid(7cad485b53033954196cb63a5a7fc086) Importer(815301076,1909f56bfc062723c751e8b465ee728b) [PhysX] Initialized MultithreadedTaskDispatcher with 20 workers.
[PhysX] Initialized MultithreadedTaskDispatcher with 20 workers.
 -> (artifact id: '99479837866577a84b5769fd388dde7c') in 0.029778 seconds
Number of updated asset objects reloaded before import = 0
Number of asset objects unloaded after import = 3
========================================================================
Received Import Request.
  Time since last request: 0.000032 seconds.
  path: Assets/Assets/Hero and Opponents/Sprites/Enemy3/dead-1.png
  artifactKey: Guid(ef4a1cf7ec1c3ef44a0e7f57238afed7) Importer(815301076,1909f56bfc062723c751e8b465ee728b)
Start importing Assets/Assets/Hero and Opponents/Sprites/Enemy3/dead-1.png using Guid(ef4a1cf7ec1c3ef44a0e7f57238afed7) Importer(815301076,1909f56bfc062723c751e8b465ee728b) [PhysX] Initialized MultithreadedTaskDispatcher with 20 workers.
[PhysX] Initialized MultithreadedTaskDispatcher with 20 workers.
 -> (artifact id: '1e6d61d635a6cb137c9790ac7f530872') in 0.017734 seconds
Number of updated asset objects reloaded before import = 0
Number of asset objects unloaded after import = 3
========================================================================
Received Import Request.
  Time since last request: 0.000034 seconds.
  path: Assets/Assets/Hero and Opponents/Sprites/Enemy3/walk-3.png
  artifactKey: Guid(5ea049b6ae0c87f40aa3f0f5e7bdc567) Importer(815301076,1909f56bfc062723c751e8b465ee728b)
Start importing Assets/Assets/Hero and Opponents/Sprites/Enemy3/walk-3.png using Guid(5ea049b6ae0c87f40aa3f0f5e7bdc567) Importer(815301076,1909f56bfc062723c751e8b465ee728b) [PhysX] Initialized MultithreadedTaskDispatcher with 20 workers.
[PhysX] Initialized MultithreadedTaskDispatcher with 20 workers.
 -> (artifact id: '5d9abcfbfbe22d96ef6b44570e2dd615') in 0.040495 seconds
Number of updated asset objects reloaded before import = 0
Number of asset objects unloaded after import = 3
========================================================================
Received Import Request.
  Time since last request: 0.000029 seconds.
  path: Assets/Assets/Hero and Opponents/Sprites/Enemy3/attack-C1.png
  artifactKey: Guid(a30bc6eb198f2614e9a0b59208f6d94a) Importer(815301076,1909f56bfc062723c751e8b465ee728b)
Start importing Assets/Assets/Hero and Opponents/Sprites/Enemy3/attack-C1.png using Guid(a30bc6eb198f2614e9a0b59208f6d94a) Importer(815301076,1909f56bfc062723c751e8b465ee728b) [PhysX] Initialized MultithreadedTaskDispatcher with 20 workers.
[PhysX] Initialized MultithreadedTaskDispatcher with 20 workers.
 -> (artifact id: 'ccaed224fa9a84694a6c507b811bd402') in 0.016554 seconds
Number of updated asset objects reloaded before import = 0
Number of asset objects unloaded after import = 3
========================================================================
Received Import Request.
  Time since last request: 0.000029 seconds.
  path: Assets/Assets/Hero and Opponents/Sprites/Enemy3/attack-C4.png
  artifactKey: Guid(4698c5a1f5a5eca4fb015729046dd6ca) Importer(815301076,1909f56bfc062723c751e8b465ee728b)
Start importing Assets/Assets/Hero and Opponents/Sprites/Enemy3/attack-C4.png using Guid(4698c5a1f5a5eca4fb015729046dd6ca) Importer(815301076,1909f56bfc062723c751e8b465ee728b) [PhysX] Initialized MultithreadedTaskDispatcher with 20 workers.
[PhysX] Initialized MultithreadedTaskDispatcher with 20 workers.
 -> (artifact id: 'f46d5aba07eee94e31f60ac5bb43bde7') in 0.028381 seconds
Number of updated asset objects reloaded before import = 0
Number of asset objects unloaded after import = 3
========================================================================
Received Import Request.
  Time since last request: 0.000057 seconds.
  path: Assets/Assets/Hero and Opponents/Sprites/Enemy3/walk-4.png
  artifactKey: Guid(fdee10d35cd1a3e4cbf2c18cbaccbaad) Importer(815301076,1909f56bfc062723c751e8b465ee728b)
Start importing Assets/Assets/Hero and Opponents/Sprites/Enemy3/walk-4.png using Guid(fdee10d35cd1a3e4cbf2c18cbaccbaad) Importer(815301076,1909f56bfc062723c751e8b465ee728b) [PhysX] Initialized MultithreadedTaskDispatcher with 20 workers.
[PhysX] Initialized MultithreadedTaskDispatcher with 20 workers.
 -> (artifact id: '9cf0566f4a063f90a6cd96c30d67c324') in 0.032189 seconds
Number of updated asset objects reloaded before import = 0
Number of asset objects unloaded after import = 3
========================================================================
Received Import Request.
  Time since last request: 0.000045 seconds.
  path: Assets/Assets/Hero and Opponents/Sprites/Enemy3/attack-C3.png
  artifactKey: Guid(4786a3341957de84fac51cfcaeef9f29) Importer(815301076,1909f56bfc062723c751e8b465ee728b)
Start importing Assets/Assets/Hero and Opponents/Sprites/Enemy3/attack-C3.png using Guid(4786a3341957de84fac51cfcaeef9f29) Importer(815301076,1909f56bfc062723c751e8b465ee728b) [PhysX] Initialized MultithreadedTaskDispatcher with 20 workers.
[PhysX] Initialized MultithreadedTaskDispatcher with 20 workers.
 -> (artifact id: '6e3305421a0000188befa314144a1acc') in 0.026622 seconds
Number of updated asset objects reloaded before import = 0
Number of asset objects unloaded after import = 3
========================================================================
Received Import Request.
  Time since last request: 0.000029 seconds.
  path: Assets/Assets/Hero and Opponents/Sprites/Enemy3/attack-C2.png
  artifactKey: Guid(e1f7fe1f93771b741b55924864dba2d3) Importer(815301076,1909f56bfc062723c751e8b465ee728b)
Start importing Assets/Assets/Hero and Opponents/Sprites/Enemy3/attack-C2.png using Guid(e1f7fe1f93771b741b55924864dba2d3) Importer(815301076,1909f56bfc062723c751e8b465ee728b) [PhysX] Initialized MultithreadedTaskDispatcher with 20 workers.
[PhysX] Initialized MultithreadedTaskDispatcher with 20 workers.
 -> (artifact id: 'b2c8ca5114a1e22a6a7a9510bea5e567') in 0.022926 seconds
Number of updated asset objects reloaded before import = 0
Number of asset objects unloaded after import = 3
========================================================================
Received Import Request.
  Time since last request: 0.000029 seconds.
  path: Assets/Assets/Hero and Opponents/Sprites/Enemy3/attack-B5.png
  artifactKey: Guid(d9a0d056f1dbfb7429e3122623c2d105) Importer(815301076,1909f56bfc062723c751e8b465ee728b)
Start importing Assets/Assets/Hero and Opponents/Sprites/Enemy3/attack-B5.png using Guid(d9a0d056f1dbfb7429e3122623c2d105) Importer(815301076,1909f56bfc062723c751e8b465ee728b) [PhysX] Initialized MultithreadedTaskDispatcher with 20 workers.
[PhysX] Initialized MultithreadedTaskDispatcher with 20 workers.
 -> (artifact id: 'ab80d041f7e4c2954c842c1f2b06b496') in 0.024039 seconds
Number of updated asset objects reloaded before import = 0
Number of asset objects unloaded after import = 3
========================================================================
Received Import Request.
  Time since last request: 14.272838 seconds.
  path: Assets/Assets/Hero and Opponents/Sprites/Enemy4/attack-A3.png
  artifactKey: Guid(4de7f306317c83e42b02096aebffa3ce) Importer(815301076,1909f56bfc062723c751e8b465ee728b)
Start importing Assets/Assets/Hero and Opponents/Sprites/Enemy4/attack-A3.png using Guid(4de7f306317c83e42b02096aebffa3ce) Importer(815301076,1909f56bfc062723c751e8b465ee728b) [PhysX] Initialized MultithreadedTaskDispatcher with 20 workers.
[PhysX] Initialized MultithreadedTaskDispatcher with 20 workers.
 -> (artifact id: 'fc99b60819ee9130fb7572eab51fa241') in 0.022918 seconds
Number of updated asset objects reloaded before import = 0
Number of asset objects unloaded after import = 3
========================================================================
Received Import Request.
  Time since last request: 0.000022 seconds.
  path: Assets/Assets/Hero and Opponents/Sprites/Enemy4/walk-3.png
  artifactKey: Guid(a61e380b02e65914187d4cd06dfee31b) Importer(815301076,1909f56bfc062723c751e8b465ee728b)
Start importing Assets/Assets/Hero and Opponents/Sprites/Enemy4/walk-3.png using Guid(a61e380b02e65914187d4cd06dfee31b) Importer(815301076,1909f56bfc062723c751e8b465ee728b) [PhysX] Initialized MultithreadedTaskDispatcher with 20 workers.
[PhysX] Initialized MultithreadedTaskDispatcher with 20 workers.
 -> (artifact id: 'fc86d7acb6a2f511b83b2ff9ee59f945') in 0.036113 seconds
Number of updated asset objects reloaded before import = 0
Number of asset objects unloaded after import = 3
========================================================================
Received Import Request.
  Time since last request: 0.000026 seconds.
  path: Assets/Assets/Hero and Opponents/Sprites/Enemy4/attack-B9.png
  artifactKey: Guid(57607658b78ab4742bdc74450174b3d0) Importer(815301076,1909f56bfc062723c751e8b465ee728b)
Start importing Assets/Assets/Hero and Opponents/Sprites/Enemy4/attack-B9.png using Guid(57607658b78ab4742bdc74450174b3d0) Importer(815301076,1909f56bfc062723c751e8b465ee728b) [PhysX] Initialized MultithreadedTaskDispatcher with 20 workers.
[PhysX] Initialized MultithreadedTaskDispatcher with 20 workers.
 -> (artifact id: 'ae62cc2f4bf0b5fb0d83856039845aa2') in 0.032742 seconds
Number of updated asset objects reloaded before import = 0
Number of asset objects unloaded after import = 3
========================================================================
Received Import Request.
  Time since last request: 0.000025 seconds.
  path: Assets/Assets/Hero and Opponents/Sprites/Enemy4/attack-A6.png
  artifactKey: Guid(4781dec62b11ffb4a9f3cca005d6ab57) Importer(815301076,1909f56bfc062723c751e8b465ee728b)
Start importing Assets/Assets/Hero and Opponents/Sprites/Enemy4/attack-A6.png using Guid(4781dec62b11ffb4a9f3cca005d6ab57) Importer(815301076,1909f56bfc062723c751e8b465ee728b) [PhysX] Initialized MultithreadedTaskDispatcher with 20 workers.
[PhysX] Initialized MultithreadedTaskDispatcher with 20 workers.
 -> (artifact id: '02e468e9fc1e68a6f0b87f60810ae2ec') in 0.036136 seconds
Number of updated asset objects reloaded before import = 0
Number of asset objects unloaded after import = 3
========================================================================
Received Import Request.
  Time since last request: 0.000190 seconds.
  path: Assets/Assets/Hero and Opponents/Sprites/Enemy4/attack-B5.png
  artifactKey: Guid(40f21547c0783134a949366e117afb38) Importer(815301076,1909f56bfc062723c751e8b465ee728b)
Start importing Assets/Assets/Hero and Opponents/Sprites/Enemy4/attack-B5.png using Guid(40f21547c0783134a949366e117afb38) Importer(815301076,1909f56bfc062723c751e8b465ee728b) [PhysX] Initialized MultithreadedTaskDispatcher with 20 workers.
[PhysX] Initialized MultithreadedTaskDispatcher with 20 workers.
 -> (artifact id: 'e5cf9f7074abeb968657156bd3e8903f') in 0.118220 seconds
Number of updated asset objects reloaded before import = 0
Number of asset objects unloaded after import = 3
========================================================================
Received Import Request.
  Time since last request: 0.000235 seconds.
  path: Assets/Assets/Hero and Opponents/Sprites/Enemy4/jump-3.png
  artifactKey: Guid(030ebc6024b035742a1f0b52fc8398a4) Importer(815301076,1909f56bfc062723c751e8b465ee728b)
Start importing Assets/Assets/Hero and Opponents/Sprites/Enemy4/jump-3.png using Guid(030ebc6024b035742a1f0b52fc8398a4) Importer(815301076,1909f56bfc062723c751e8b465ee728b) [PhysX] Initialized MultithreadedTaskDispatcher with 20 workers.
[PhysX] Initialized MultithreadedTaskDispatcher with 20 workers.
 -> (artifact id: 'bf17f4f22304483b1311fb7492b041f3') in 0.056101 seconds
Number of updated asset objects reloaded before import = 0
Number of asset objects unloaded after import = 3
========================================================================
Received Import Request.
  Time since last request: 0.000025 seconds.
  path: Assets/Assets/Hero and Opponents/Sprites/Enemy4/dead-3.png
  artifactKey: Guid(2019113e6291591499504292116c6279) Importer(815301076,1909f56bfc062723c751e8b465ee728b)
Start importing Assets/Assets/Hero and Opponents/Sprites/Enemy4/dead-3.png using Guid(2019113e6291591499504292116c6279) Importer(815301076,1909f56bfc062723c751e8b465ee728b) [PhysX] Initialized MultithreadedTaskDispatcher with 20 workers.
[PhysX] Initialized MultithreadedTaskDispatcher with 20 workers.
 -> (artifact id: '43b2421ba93b85807d8f932ace9347f1') in 0.041173 seconds
Number of updated asset objects reloaded before import = 0
Number of asset objects unloaded after import = 3
========================================================================
Received Import Request.
  Time since last request: 0.000028 seconds.
  path: Assets/Assets/Hero and Opponents/Sprites/Enemy4/idle-2.png
  artifactKey: Guid(749105026f3f84d4d9ae3448b4c82794) Importer(815301076,1909f56bfc062723c751e8b465ee728b)
Start importing Assets/Assets/Hero and Opponents/Sprites/Enemy4/idle-2.png using Guid(749105026f3f84d4d9ae3448b4c82794) Importer(815301076,1909f56bfc062723c751e8b465ee728b) [PhysX] Initialized MultithreadedTaskDispatcher with 20 workers.
[PhysX] Initialized MultithreadedTaskDispatcher with 20 workers.
 -> (artifact id: '8f0da6ace39cd589b5944a7b85aa4a6a') in 0.029829 seconds
Number of updated asset objects reloaded before import = 0
Number of asset objects unloaded after import = 3
Editor requested this worker to shutdown with reason: Scaling down because of idle timeout
TcpMessagingSession - receive error: operation aborted. errorcode: 995, details: The I/O operation has been aborted because of either a thread exit or an application request.
AssetImportWorker is now disconnected from the server
Process exiting
Exiting without the bug reporter. Application will terminate with return code 0